<?xml version="1.0" encoding="UTF-8"?>
<testsuite xmlns:xsi="http://www.w3.org/2001/XMLSchema-instance" xsi:noNamespaceSchemaLocation="https://maven.apache.org/surefire/maven-surefire-plugin/xsd/surefire-test-report.xsd" version="3.0.2" name="com.murasame.smarthrm.SmartHrmApplicationTests" time="3.7" tests="1" errors="0" skipped="0" failures="0">
  <properties>
[...]
</properties>
  <testcase name="contextLoads" classname="com.murasame.smarthrm.SmartHrmApplicationTests" time="0.668">
    <system-out><![CDATA[11:06:50.524 [main] INFO org.springframework.test.context.support.AnnotationConfigContextLoaderUtils -- Could not detect default configuration classes for test class [com.murasame.smarthrm.SmartHrmApplicationTests]: SmartHrmApplicationTests does not declare any static, non-private, non-final, nested classes annotated with @Configuration.
11:06:50.620 [main] INFO org.springframework.boot.test.context.SpringBootTestContextBootstrapper -- Found @SpringBootConfiguration com.murasame.smarthrm.SmartHrmApplication for test class com.murasame.smarthrm.SmartHrmApplicationTests

2025-12-20T11:06:51.023+08:00  INFO 111404 --- [smartHRM] [           main] c.m.smarthrm.SmartHrmApplicationTests    : Starting SmartHrmApplicationTests using Java 17.0.12 with PID 111404 (started by Elysia in D:\ProgramData\git-resourse\smartHRM)
2025-12-20T11:06:51.024+08:00  INFO 111404 --- [smartHRM] [           main] c.m.smarthrm.SmartHrmApplicationTests    : The following 1 profile is active: "dev"
2025-12-20T11:06:51.614+08:00  INFO 111404 --- [smartHRM] [           main] .s.d.r.c.RepositoryConfigurationDelegate : Bootstrapping Spring Data MongoDB repositories in DEFAULT mode.
2025-12-20T11:06:51.672+08:00  INFO 111404 --- [smartHRM] [           main] .s.d.r.c.RepositoryConfigurationDelegate : Finished Spring Data repository scanning in 52 ms. Found 5 MongoDB repository interfaces.
2025-12-20T11:06:52.210+08:00  INFO 111404 --- [smartHRM] [           main] org.mongodb.driver.client                : MongoClient with metadata {"driver": {"name": "mongo-java-driver|sync|spring-boot", "version": "5.5.2"}, "os": {"type": "Windows", "name": "Windows 11", "architecture": "amd64", "version": "10.0"}, "platform": "Java/Oracle Corporation/17.0.12+8-LTS-286"} created with settings MongoClientSettings{readPreference=primary, writeConcern=WriteConcern{w=null, wTimeout=null ms, journal=null}, retryWrites=true, retryReads=true, readConcern=ReadConcern{level=null}, credential=null, transportSettings=null, commandListeners=[], codecRegistry=ProvidersCodecRegistry{codecProviders=[ValueCodecProvider{}, BsonValueCodecProvider{}, DBRefCodecProvider{}, DBObjectCodecProvider{}, DocumentCodecProvider{}, CollectionCodecProvider{}, IterableCodecProvider{}, MapCodecProvider{}, GeoJsonCodecProvider{}, GridFSFileCodecProvider{}, Jsr310CodecProvider{}, JsonObjectCodecProvider{}, BsonCodecProvider{}, EnumCodecProvider{}, com.mongodb.client.model.mql.ExpressionCodecProvider@27976390, com.mongodb.Jep395RecordCodecProvider@37e0056e, com.mongodb.KotlinCodecProvider@415795f3]}, loggerSettings=LoggerSettings{maxDocumentLength=1000}, clusterSettings={hosts=[localhost:27017], srvServiceName=mongodb, mode=SINGLE, requiredClusterType=UNKNOWN, requiredReplicaSetName='null', serverSelector='null', clusterListeners='[]', serverSelectionTimeout='30000 ms', localThreshold='15 ms'}, socketSettings=SocketSettings{connectTimeoutMS=10000, readTimeoutMS=0, receiveBufferSize=0, proxySettings=ProxySettings{host=null, port=null, username=null, password=null}}, heartbeatSocketSettings=SocketSettings{connectTimeoutMS=10000, readTimeoutMS=10000, receiveBufferSize=0, proxySettings=ProxySettings{host=null, port=null, username=null, password=null}}, connectionPoolSettings=ConnectionPoolSettings{maxSize=100, minSize=0, maxWaitTimeMS=120000, maxConnectionLifeTimeMS=0, maxConnectionIdleTimeMS=0, maintenanceInitialDelayMS=0, maintenanceFrequencyMS=60000, connectionPoolListeners=[], maxConnecting=2}, serverSettings=ServerSettings{heartbeatFrequencyMS=10000, minHeartbeatFrequencyMS=500, serverMonitoringMode=AUTO, serverListeners='[]', serverMonitorListeners='[]'}, sslSettings=SslSettings{enabled=false, invalidHostNameAllowed=false, context=null}, applicationName='null', compressorList=[], uuidRepresentation=JAVA_LEGACY, serverApi=null, autoEncryptionSettings=null, dnsClient=null, inetAddressResolver=null, contextProvider=null, timeoutMS=null}
2025-12-20T11:06:52.229+08:00  INFO 111404 --- [smartHRM] [localhost:27017] org.mongodb.driver.cluster               : Monitor thread successfully connected to server with description ServerDescription{address=localhost:27017, type=STANDALONE, cryptd=false, state=CONNECTED, ok=true, minWireVersion=0, maxWireVersion=27, maxDocumentSize=16777216, logicalSessionTimeoutMinutes=30, roundTripTimeNanos=54814100, minRoundTripTimeNanos=0}
2025-12-20T11:06:53.020+08:00  WARN 111404 --- [smartHRM] [           main] .s.s.UserDetailsServiceAutoConfiguration : 

Using generated security password: 4d095635-8f6a-4223-a089-1272534ba852

This generated password is for development use only. Your security configuration must be updated before running your application in production.

2025-12-20T11:06:53.033+08:00  INFO 111404 --- [smartHRM] [           main] r$InitializeUserDetailsManagerConfigurer : Global AuthenticationManager configured with UserDetailsService bean with name inMemoryUserDetailsManager
2025-12-20T11:06:53.420+08:00  INFO 111404 --- [smartHRM] [           main] c.m.smarthrm.SmartHrmApplicationTests    : Started SmartHrmApplicationTests in 2.662 seconds (process running for 3.45)
]]></system-out>
  </testcase>
</testsuite>